<?xml version="1.0" encoding="UTF-8"?>
<!-- Generated by org.testng.reporters.JUnitReportReporter -->
<testsuite hostname="DESKTOP-NAGV9R2" failures="0" tests="13" name="stepDefinitions.PageTitleValidation" time="2.448" errors="1" timestamp="2024-06-11T17:27:19 IST" skipped="12">
  <testcase classname="stepDefinitions.PageTitleValidation" name="verify_the_job_page_titles" time="0.000">
    <skipped/>
  </testcase> <!-- verify_the_job_page_titles -->
  <testcase classname="stepDefinitions.PageTitleValidation" name="click_on_home_link" time="0.000">
    <skipped/>
  </testcase> <!-- click_on_home_link -->
  <testcase classname="stepDefinitions.PageTitleValidation" name="setup" time="2.448">
    <error message="Unable to obtain: Capabilities {browserName: chrome, goog:chromeOptions: {args: [--remote-allow-origins=*], extensions: []}}" type="org.openqa.selenium.remote.NoSuchDriverException">
      <![CDATA[org.openqa.selenium.remote.NoSuchDriverException: Unable to obtain: Capabilities {browserName: chrome, goog:chromeOptions: {args: [--remote-allow-origins=*], extensions: []}}
at org.openqa.selenium.remote.service.DriverFinder.getPath(DriverFinder.java:29)
at org.openqa.selenium.chrome.ChromeDriver.generateExecutor(ChromeDriver.java:98)
at org.openqa.selenium.chrome.ChromeDriver.<init>(ChromeDriver.java:87)
at org.openqa.selenium.chrome.ChromeDriver.<init>(ChromeDriver.java:82)
at org.openqa.selenium.chrome.ChromeDriver.<init>(ChromeDriver.java:50)
at stepDefinitions.PageTitleValidation.setup(PageTitleValidation.java:21)
at java.base/jdk.internal.reflect.NativeMethodAccessorImpl.invoke0(Native Method)
at java.base/jdk.internal.reflect.NativeMethodAccessorImpl.invoke(NativeMethodAccessorImpl.java:62)
at java.base/jdk.internal.reflect.DelegatingMethodAccessorImpl.invoke(DelegatingMethodAccessorImpl.java:43)
at java.base/java.lang.reflect.Method.invoke(Method.java:566)
at org.testng.internal.invokers.MethodInvocationHelper.invokeMethod(MethodInvocationHelper.java:141)
at org.testng.internal.invokers.MethodInvocationHelper.invokeMethodConsideringTimeout(MethodInvocationHelper.java:71)
at org.testng.internal.invokers.ConfigInvoker.invokeConfigurationMethod(ConfigInvoker.java:400)
at org.testng.internal.invokers.ConfigInvoker.invokeConfigurations(ConfigInvoker.java:333)
at org.testng.internal.invokers.TestInvoker.runConfigMethods(TestInvoker.java:833)
at org.testng.internal.invokers.TestInvoker.invokeMethod(TestInvoker.java:600)
at org.testng.internal.invokers.TestInvoker.invokeTestMethod(TestInvoker.java:230)
at org.testng.internal.invokers.MethodRunner.runInSequence(MethodRunner.java:63)
at org.testng.internal.invokers.TestInvoker$MethodInvocationAgent.invoke(TestInvoker.java:992)
at org.testng.internal.invokers.TestInvoker.invokeTestMethods(TestInvoker.java:203)
at org.testng.internal.invokers.TestMethodWorker.invokeTestMethods(TestMethodWorker.java:154)
at org.testng.internal.invokers.TestMethodWorker.run(TestMethodWorker.java:134)
at java.base/java.util.ArrayList.forEach(ArrayList.java:1541)
at org.testng.TestRunner.privateRun(TestRunner.java:739)
at org.testng.TestRunner.run(TestRunner.java:614)
at org.testng.SuiteRunner.runTest(SuiteRunner.java:421)
at org.testng.SuiteRunner.runSequentially(SuiteRunner.java:413)
at org.testng.SuiteRunner.privateRun(SuiteRunner.java:373)
at org.testng.SuiteRunner.run(SuiteRunner.java:312)
at org.testng.SuiteRunnerWorker.runSuite(SuiteRunnerWorker.java:52)
at org.testng.SuiteRunnerWorker.run(SuiteRunnerWorker.java:95)
at org.testng.TestNG.runSuitesSequentially(TestNG.java:1274)
at org.testng.TestNG.runSuitesLocally(TestNG.java:1208)
at org.testng.TestNG.runSuites(TestNG.java:1112)
at org.testng.TestNG.run(TestNG.java:1079)
at org.testng.remote.AbstractRemoteTestNG.run(AbstractRemoteTestNG.java:115)
at org.testng.remote.RemoteTestNG.initAndRun(RemoteTestNG.java:293)
at org.testng.remote.RemoteTestNG.main(RemoteTestNG.java:91)
Caused by: org.openqa.selenium.WebDriverException: Unsuccessful command executed: [C:\Users\DELL_2\AppData\Local\Temp\selenium-manager135222132082003195677742244317663\selenium-manager.exe, --browser, chrome, --output, json]
The chromedriver version cannot be discovered
Build info: version: '4.10.0', revision: 'c14d967899'
System info: os.name: 'Windows 10', os.arch: 'amd64', os.version: '10.0', java.version: '11.0.20'
Driver info: driver.version: ChromeDriver
at org.openqa.selenium.manager.SeleniumManager.runCommand(SeleniumManager.java:130)
at org.openqa.selenium.manager.SeleniumManager.getDriverPath(SeleniumManager.java:251)
at org.openqa.selenium.remote.service.DriverFinder.getPath(DriverFinder.java:27)
... 37 more
]]>
    </error>
  </testcase> <!-- setup -->
  <testcase classname="stepDefinitions.PageTitleValidation" name="click_on_the_about_us_page_titles" time="0.000">
    <skipped/>
  </testcase> <!-- click_on_the_about_us_page_titles -->
  <testcase classname="stepDefinitions.PageTitleValidation" name="click_on_the_faq_s_page_title" time="0.000">
    <skipped/>
  </testcase> <!-- click_on_the_faq_s_page_title -->
  <testcase classname="stepDefinitions.PageTitleValidation" name="check_the_about_us_page_title" time="0.000">
    <skipped/>
  </testcase> <!-- check_the_about_us_page_title -->
  <testcase classname="stepDefinitions.PageTitleValidation" name="verify_the_service_page_titles" time="0.000">
    <skipped/>
  </testcase> <!-- verify_the_service_page_titles -->
  <testcase classname="stepDefinitions.PageTitleValidation" name="open_company_website_using_url" time="0.000">
    <skipped/>
  </testcase> <!-- open_company_website_using_url -->
  <testcase classname="stepDefinitions.PageTitleValidation" name="check_the_home_page_title" time="0.000">
    <skipped/>
  </testcase> <!-- check_the_home_page_title -->
  <testcase classname="stepDefinitions.PageTitleValidation" name="verify_the_group_of_company_page_title" time="0.000">
    <skipped/>
  </testcase> <!-- verify_the_group_of_company_page_title -->
  <testcase classname="stepDefinitions.PageTitleValidation" name="click_on_the_job_page_title" time="0.000">
    <skipped/>
  </testcase> <!-- click_on_the_job_page_title -->
  <testcase classname="stepDefinitions.PageTitleValidation" name="click_on_the_service_page_title" time="0.000">
    <skipped/>
  </testcase> <!-- click_on_the_service_page_title -->
  <testcase classname="stepDefinitions.PageTitleValidation" name="verify_the_faq_s_page_titles" time="0.000">
    <skipped/>
  </testcase> <!-- verify_the_faq_s_page_titles -->
</testsuite> <!-- stepDefinitions.PageTitleValidation -->
